<?xml version="1.0" encoding="UTF-8" ?>
<testsuites name="vitest tests" tests="2" failures="2" errors="0" time="0">
    <testsuite name="src/__tests__/api-integration.test.ts" timestamp="2026-04-01T16:53:41.840Z" hostname="vmi2551889" tests="1" failures="1" errors="0" skipped="0" time="0">
        <testcase classname="src/__tests__/api-integration.test.ts" name="src/__tests__/api-integration.test.ts" time="0">
            <failure message="Failed to resolve import &quot;@testing-library/jest-dom&quot; from &quot;src/__tests__/setup.ts&quot;. Does the file exist?" type="Error">
Error: Failed to resolve import &quot;@testing-library/jest-dom&quot; from &quot;src/__tests__/setup.ts&quot;. Does the file exist?
  Plugin: vite:import-analysis
  File: /root/.openclaw/workspace/saas-project/medlog/web/src/__tests__/setup.ts:2:0
  11 |  	SUPABASE_SERVICE_ROLE_KEY: &quot;test-service-key&quot;
  12 |  })) }));
  13 |  const __vi_import_0__ = await import(&quot;@testing-library/jest-dom&quot;);
     |                                       ^
  14 |  // Test setup file
  15 |  
 ❯ TransformPluginContext._formatLog node_modules/vite/dist/node/chunks/node.js:30259:39
 ❯ TransformPluginContext.error node_modules/vite/dist/node/chunks/node.js:30256:14
 ❯ normalizeUrl node_modules/vite/dist/node/chunks/node.js:27544:18
 ❯ node_modules/vite/dist/node/chunks/node.js:27607:30
 ❯ TransformPluginContext.transform node_modules/vite/dist/node/chunks/node.js:27575:4
 ❯ EnvironmentPluginContainer.transform node_modules/vite/dist/node/chunks/node.js:30048:14
 ❯ loadAndTransform node_modules/vite/dist/node/chunks/node.js:24177:26
            </failure>
        </testcase>
    </testsuite>
    <testsuite name="src/__tests__/validation.test.ts" timestamp="2026-04-01T16:53:41.847Z" hostname="vmi2551889" tests="1" failures="1" errors="0" skipped="0" time="0">
        <testcase classname="src/__tests__/validation.test.ts" name="src/__tests__/validation.test.ts" time="0">
            <failure message="Failed to resolve import &quot;@testing-library/jest-dom&quot; from &quot;src/__tests__/setup.ts&quot;. Does the file exist?" type="Error">
Error: Failed to resolve import &quot;@testing-library/jest-dom&quot; from &quot;src/__tests__/setup.ts&quot;. Does the file exist?
  Plugin: vite:import-analysis
  File: /root/.openclaw/workspace/saas-project/medlog/web/src/__tests__/setup.ts:2:0
  11 |  	SUPABASE_SERVICE_ROLE_KEY: &quot;test-service-key&quot;
  12 |  })) }));
  13 |  const __vi_import_0__ = await import(&quot;@testing-library/jest-dom&quot;);
     |                                       ^
  14 |  // Test setup file
  15 |  
 ❯ TransformPluginContext._formatLog node_modules/vite/dist/node/chunks/node.js:30259:39
 ❯ TransformPluginContext.error node_modules/vite/dist/node/chunks/node.js:30256:14
 ❯ normalizeUrl node_modules/vite/dist/node/chunks/node.js:27544:18
 ❯ node_modules/vite/dist/node/chunks/node.js:27607:30
 ❯ TransformPluginContext.transform node_modules/vite/dist/node/chunks/node.js:27575:4
 ❯ EnvironmentPluginContainer.transform node_modules/vite/dist/node/chunks/node.js:30048:14
 ❯ loadAndTransform node_modules/vite/dist/node/chunks/node.js:24177:26
            </failure>
        </testcase>
    </testsuite>
</testsuites>
